{
    "Role": {
        "Path": "/",
        "RoleName": "lambda-exemplo",
        "RoleId": "AROAXWHWII32IAYAF2DD5",
        "Arn": "arn:aws:iam::528797419252:role/lambda-exemplo",
        "CreateDate": "2020-09-30T01:33:03+00:00",
        "AssumeRolePolicyDocument": {
            "Version": "2012-10-17",
            "Statement": [
                {
                    "Effect": "Allow",
                    "Principal": {
                        "Service": "lambda.amazonaws.com"
                    },
                    "Action": "sts:AssumeRole"
                }
            ]
        }
    }
}
